[2015-01-20 09:41:07] DonatioAPI.DEBUG: failed:Api key is misssing ["[object] (Slim\\Http\\Request: {\"headers\":{},\"cookies\":{}})"] []
[2015-01-20 09:41:57] DonatioAPI.DEBUG: failed:Nothing to update ["[object] (Slim\\Http\\Request: {\"headers\":{},\"cookies\":{}})"] []
[2015-01-20 10:12:47] DonatioAPI.DEBUG: Success:0 ["[object] (Slim\\Http\\Request: {\"headers\":{},\"cookies\":{}})"] []
[2015-01-20 13:46:17] DonatioAPI.DEBUG: Success:0 ["[object] (Slim\\Http\\Request: {\"headers\":{},\"cookies\":{}})"] []
[2015-01-20 13:51:41] DonatioAPI.DEBUG: Success:name updated. ["[object] (Slim\\Http\\Request: {\"headers\":{},\"cookies\":{}})"] []
[2015-01-20 13:52:01] DonatioAPI.DEBUG: Success:name email updated. ["[object] (Slim\\Http\\Request: {\"headers\":{},\"cookies\":{}})"] []
[2015-01-20 19:26:02] DonatioAPI.DEBUG: failed:Access Denied. Invalid Api key ["[object] (Slim\\Http\\Request: {\"headers\":{},\"cookies\":{}})"] []
[2015-02-03 11:58:44] DonatioAPI.DEBUG: Success:$2x$10$7c1228003755eef1a01f9utp6cbdMWWxZAFsSll0lzS1/HacP0xEi{:}1160725e68c2ba756f7c9c4a77f0a2bf ["[object] (Slim\\Http\\Request: {\"headers\":{},\"cookies\":{}})"] []
[2015-03-18 07:49:01] GQUASARAPI.DEBUG: failed:User Already Exists ["[object] (Slim\\Http\\Request: {\"headers\":{},\"cookies\":{}})"] []
[2015-03-18 07:50:23] GQUASARAPI.DEBUG: Success:0 ["[object] (Slim\\Http\\Request: {\"headers\":{},\"cookies\":{}})"] []
[2015-03-18 07:56:17] GQUASARAPI.DEBUG: failed:Required field(s) email, password is missing or empty ["[object] (Slim\\Http\\Request: {\"headers\":{},\"cookies\":{}})"] []
[2015-03-18 07:57:47] GQUASARAPI.DEBUG: Success:News Updated ["[object] (Slim\\Http\\Request: {\"headers\":{},\"cookies\":{}})"] []
[2015-03-18 08:07:31] GQUASARAPI.DEBUG: Success:News Updated ["[object] (Slim\\Http\\Request: {\"headers\":{},\"cookies\":{}})"] []
[2015-03-18 09:18:44] GQUASARAPI.DEBUG: failed:Error Fetching News ["[object] (Slim\\Http\\Request: {\"headers\":{},\"cookies\":{}})"] []
[2015-03-18 09:23:49] GQUASARAPI.DEBUG: Success:-Registration Success-aman-kapoor.aman22@gmail.com ["[object] (Slim\\Http\\Request: {\"headers\":{},\"cookies\":{}})"] []
[2015-03-18 09:26:25] GQUASARAPI.DEBUG: failed:User Already Exists ["[object] (Slim\\Http\\Request: {\"headers\":{},\"cookies\":{}})"] []
[2015-03-18 09:26:56] GQUASARAPI.DEBUG: failed:User Already Exists ["[object] (Slim\\Http\\Request: {\"headers\":{},\"cookies\":{}})"] []
[2015-03-18 09:27:42] GQUASARAPI.DEBUG: failed:User Already Exists ["[object] (Slim\\Http\\Request: {\"headers\":{},\"cookies\":{}})"] []
[2015-03-18 09:28:00] GQUASARAPI.DEBUG: failed:User Already Exists ["[object] (Slim\\Http\\Request: {\"headers\":{},\"cookies\":{}})"] []
[2015-03-18 09:28:53] GQUASARAPI.DEBUG: failed:User Already Exists ["[object] (Slim\\Http\\Request: {\"headers\":{},\"cookies\":{}})"] []
[2015-03-18 09:29:49] GQUASARAPI.DEBUG: failed:User Already Exists ["[object] (Slim\\Http\\Request: {\"headers\":{},\"cookies\":{}})"] []
[2015-03-18 09:30:08] GQUASARAPI.DEBUG: failed:User Already Exists ["[object] (Slim\\Http\\Request: {\"headers\":{},\"cookies\":{}})"] []
[2015-03-18 09:30:36] GQUASARAPI.DEBUG: failed:Required field(s) name is missing or empty ["[object] (Slim\\Http\\Request: {\"headers\":{},\"cookies\":{}})"] []
[2015-03-18 09:41:38] GQUASARAPI.DEBUG: failed:User Already Exists ["[object] (Slim\\Http\\Request: {\"headers\":{},\"cookies\":{}})"] []
[2015-03-18 09:43:13] GQUASARAPI.DEBUG: failed:User Already Exists ["[object] (Slim\\Http\\Request: {\"headers\":{},\"cookies\":{}})"] []
[2015-03-18 09:43:33] GQUASARAPI.DEBUG: failed:Required field(s) name is missing or empty ["[object] (Slim\\Http\\Request: {\"headers\":{},\"cookies\":{}})"] []
[2015-03-18 09:44:22] GQUASARAPI.DEBUG: failed:User Already Exists ["[object] (Slim\\Http\\Request: {\"headers\":{},\"cookies\":{}})"] []
[2015-03-18 09:44:57] GQUASARAPI.DEBUG: failed:User Already Exists ["[object] (Slim\\Http\\Request: {\"headers\":{},\"cookies\":{}})"] []
[2015-03-18 09:48:48] GQUASARAPI.DEBUG: failed:User Already Exists ["[object] (Slim\\Http\\Request: {\"headers\":{},\"cookies\":{}})"] []
[2015-03-18 09:49:05] GQUASARAPI.DEBUG: Success:-Registration Success-aman-kapoor.aman@gmail.com ["[object] (Slim\\Http\\Request: {\"headers\":{},\"cookies\":{}})"] []
[2015-03-18 09:50:19] GQUASARAPI.DEBUG: failed:User Already Exists ["[object] (Slim\\Http\\Request: {\"headers\":{},\"cookies\":{}})"] []
[2015-03-18 10:08:01] GQUASARAPI.DEBUG: Success:User Already Exists ["[object] (Slim\\Http\\Request: {\"headers\":{},\"cookies\":{}})"] []
[2015-03-18 10:11:45] GQUASARAPI.DEBUG: Success:User Already Exists ["[object] (Slim\\Http\\Request: {\"headers\":{},\"cookies\":{}})"] []
[2015-03-18 10:15:35] GQUASARAPI.DEBUG: Success:User Already Exists ["[object] (Slim\\Http\\Request: {\"headers\":{},\"cookies\":{}})"] []
[2015-03-18 10:16:22] GQUASARAPI.DEBUG: Success:User Already Exists ["[object] (Slim\\Http\\Request: {\"headers\":{},\"cookies\":{}})"] []
[2015-03-18 10:17:08] GQUASARAPI.DEBUG: Success:User Already Exists ["[object] (Slim\\Http\\Request: {\"headers\":{},\"cookies\":{}})"] []
[2015-03-18 10:18:03] GQUASARAPI.DEBUG: Success:User Already Exists ["[object] (Slim\\Http\\Request: {\"headers\":{},\"cookies\":{}})"] []
[2015-03-18 10:19:16] GQUASARAPI.DEBUG: Success:User Already Exists ["[object] (Slim\\Http\\Request: {\"headers\":{},\"cookies\":{}})"] []
[2015-03-18 10:19:44] GQUASARAPI.DEBUG: Success:User Already Exists ["[object] (Slim\\Http\\Request: {\"headers\":{},\"cookies\":{}})"] []
[2015-03-18 10:20:48] GQUASARAPI.DEBUG: Success:User Already Exists ["[object] (Slim\\Http\\Request: {\"headers\":{},\"cookies\":{}})"] []
[2015-03-18 10:22:26] GQUASARAPI.DEBUG: Success:User Already Exists ["[object] (Slim\\Http\\Request: {\"headers\":{},\"cookies\":{}})"] []
[2015-03-18 10:23:01] GQUASARAPI.DEBUG: Success:User Already Exists ["[object] (Slim\\Http\\Request: {\"headers\":{},\"cookies\":{}})"] []
[2015-03-18 10:29:13] GQUASARAPI.DEBUG: Success:User Already Exists ["[object] (Slim\\Http\\Request: {\"headers\":{},\"cookies\":{}})"] []
[2015-03-18 10:29:24] GQUASARAPI.DEBUG: Success:User Already Exists ["[object] (Slim\\Http\\Request: {\"headers\":{},\"cookies\":{}})"] []
[2015-03-18 10:31:10] GQUASARAPI.DEBUG: Success:-Registration Success-apac-kapoor.man22@gmail.com ["[object] (Slim\\Http\\Request: {\"headers\":{},\"cookies\":{}})"] []
[2015-03-18 10:35:20] GQUASARAPI.DEBUG: failed:User Already Exists ["[object] (Slim\\Http\\Request: {\"headers\":{},\"cookies\":{}})"] []
[2015-03-18 10:35:36] GQUASARAPI.DEBUG: failed:User Already Exists ["[object] (Slim\\Http\\Request: {\"headers\":{},\"cookies\":{}})"] []
[2015-03-18 10:39:49] GQUASARAPI.DEBUG: failed:User Already Exists ["[object] (Slim\\Http\\Request: {\"headers\":{},\"cookies\":{}})"] []
[2015-03-18 10:58:08] GQUASARAPI.DEBUG: failed:User Already Exists ["[object] (Slim\\Http\\Request: {\"headers\":{},\"cookies\":{}})"] []
[2015-03-18 11:04:43] GQUASARAPI.DEBUG: failed:User Already Exists ["[object] (Slim\\Http\\Request: {\"headers\":{},\"cookies\":{}})"] []
[2015-03-18 11:09:46] GQUASARAPI.DEBUG: failed:User Already Exists ["[object] (Slim\\Http\\Request: {\"headers\":{},\"cookies\":{}})"] []
[2015-03-18 11:10:42] GQUASARAPI.DEBUG: failed:User Already Exists ["[object] (Slim\\Http\\Request: {\"headers\":{},\"cookies\":{}})"] []
[2015-03-18 11:11:45] GQUASARAPI.DEBUG: failed:User Already Exists ["[object] (Slim\\Http\\Request: {\"headers\":{},\"cookies\":{}})"] []
[2015-03-18 11:12:12] GQUASARAPI.DEBUG: failed:User Already Exists ["[object] (Slim\\Http\\Request: {\"headers\":{},\"cookies\":{}})"] []
[2015-03-18 11:13:05] GQUASARAPI.DEBUG: failed:User Already Exists ["[object] (Slim\\Http\\Request: {\"headers\":{},\"cookies\":{}})"] []
[2015-03-18 11:16:24] GQUASARAPI.DEBUG: failed:User Already Exists ["[object] (Slim\\Http\\Request: {\"headers\":{},\"cookies\":{}})"] []
[2015-03-18 11:17:47] GQUASARAPI.DEBUG: Success:User Already Exists ["[object] (Slim\\Http\\Request: {\"headers\":{},\"cookies\":{}})"] []
[2015-03-18 11:18:17] GQUASARAPI.DEBUG: Success:User Already Exists ["[object] (Slim\\Http\\Request: {\"headers\":{},\"cookies\":{}})"] []
[2015-03-18 11:18:37] GQUASARAPI.DEBUG: Success:User Already Exists ["[object] (Slim\\Http\\Request: {\"headers\":{},\"cookies\":{}})"] []
[2015-03-18 11:20:39] GQUASARAPI.DEBUG: Success:User Already Exists ["[object] (Slim\\Http\\Request: {\"headers\":{},\"cookies\":{}})"] []
[2015-03-18 11:24:36] GQUASARAPI.DEBUG: Success:User Already Exists ["[object] (Slim\\Http\\Request: {\"headers\":{},\"cookies\":{}})"] []
[2015-03-18 11:25:37] GQUASARAPI.DEBUG: Success:User Already Exists ["[object] (Slim\\Http\\Request: {\"headers\":{},\"cookies\":{}})"] []
[2015-03-18 11:30:09] GQUASARAPI.DEBUG: Success:User Already Exists ["[object] (Slim\\Http\\Request: {\"headers\":{},\"cookies\":{}})"] []
[2015-03-18 11:31:23] GQUASARAPI.DEBUG: Success:User Already Exists ["[object] (Slim\\Http\\Request: {\"headers\":{},\"cookies\":{}})"] []
[2015-03-18 11:34:44] GQUASARAPI.DEBUG: Success:User Already Exists ["[object] (Slim\\Http\\Request: {\"headers\":{},\"cookies\":{}})"] []
[2015-03-18 11:35:43] GQUASARAPI.DEBUG: Success:User Already Exists ["[object] (Slim\\Http\\Request: {\"headers\":{},\"cookies\":{}})"] []
[2015-03-18 11:35:50] GQUASARAPI.DEBUG: Success:-Registration Success-aman-kapoman22@gmail.com ["[object] (Slim\\Http\\Request: {\"headers\":{},\"cookies\":{}})"] []
[2015-03-18 11:36:27] GQUASARAPI.DEBUG: Success:-Registration Success-Shweta-kapoorcvsdvsdv.aman22@gmail.com ["[object] (Slim\\Http\\Request: {\"headers\":{},\"cookies\":{}})"] []
[2015-03-18 11:48:12] GQUASARAPI.DEBUG: Success:-Registration Success-adscd-kn22@gmail.com ["[object] (Slim\\Http\\Request: {\"headers\":{},\"cookies\":{}})"] []
[2015-03-18 11:51:12] GQUASARAPI.DEBUG: Success:-Registration Success-asnc,l -aman22@gmail.com ["[object] (Slim\\Http\\Request: {\"headers\":{},\"cookies\":{}})"] []
[2015-03-18 13:57:39] GQUASARAPI.DEBUG: failed:Required field(s) name is missing or empty ["[object] (Slim\\Http\\Request: {\"headers\":{},\"cookies\":{}})"] []
[2015-03-18 14:26:50] GQUASARAPI.DEBUG: failed:Login failed. Incorrect credentials ["[object] (Slim\\Http\\Request: {\"headers\":{},\"cookies\":{}})"] []
[2015-03-18 14:27:16] GQUASARAPI.DEBUG: failed:Login failed. Incorrect credentials ["[object] (Slim\\Http\\Request: {\"headers\":{},\"cookies\":{}})"] []
[2015-03-18 14:28:52] GQUASARAPI.DEBUG: failed:Login failed. Incorrect credentials ["[object] (Slim\\Http\\Request: {\"headers\":{},\"cookies\":{}})"] []
[2015-03-18 14:31:19] GQUASARAPI.DEBUG: failed:Login failed. Incorrect credentials ["[object] (Slim\\Http\\Request: {\"headers\":{},\"cookies\":{}})"] []
[2015-03-18 14:34:03] GQUASARAPI.DEBUG: Success:0 ["[object] (Slim\\Http\\Request: {\"headers\":{},\"cookies\":{}})"] []
[2015-03-18 14:34:16] GQUASARAPI.DEBUG: Success:0 ["[object] (Slim\\Http\\Request: {\"headers\":{},\"cookies\":{}})"] []
[2015-03-18 14:37:53] GQUASARAPI.DEBUG: Success:0 ["[object] (Slim\\Http\\Request: {\"headers\":{},\"cookies\":{}})"] []
[2015-03-18 14:54:05] GQUASARAPI.DEBUG: Success:0 ["[object] (Slim\\Http\\Request: {\"headers\":{},\"cookies\":{}})"] []
[2015-03-18 14:55:38] GQUASARAPI.DEBUG: Success:0 ["[object] (Slim\\Http\\Request: {\"headers\":{},\"cookies\":{}})"] []
[2015-03-18 14:55:45] GQUASARAPI.DEBUG: Success:Login failed. Incorrect credentials ["[object] (Slim\\Http\\Request: {\"headers\":{},\"cookies\":{}})"] []
[2015-03-18 14:56:01] GQUASARAPI.DEBUG: Success:Login failed. User doesnot exist ["[object] (Slim\\Http\\Request: {\"headers\":{},\"cookies\":{}})"] []
[2015-03-18 15:08:05] GQUASARAPI.DEBUG: Success:0 ["[object] (Slim\\Http\\Request: {\"headers\":{},\"cookies\":{}})"] []
[2015-03-18 15:20:14] GQUASARAPI.DEBUG: Success:0 ["[object] (Slim\\Http\\Request: {\"headers\":{},\"cookies\":{}})"] []
